<?xml version="1.0" encoding="UTF-8"?>
<testsuite xmlns:xsi="http://www.w3.org/2001/XMLSchema-instance" xsi:noNamespaceSchemaLocation="https://maven.apache.org/surefire/maven-surefire-plugin/xsd/surefire-test-report-3.0.xsd" version="3.0" name="com.wrathcodes.restaurant.dao.TableCheckDAOTest" time="0.001" tests="5" errors="0" skipped="5" failures="0">
  <properties>
[...]
</properties>
  <testcase name="delete" classname="com.wrathcodes.restaurant.dao.TableCheckDAOTest" time="0.0">
    <skipped/>
  </testcase>
  <testcase name="search" classname="com.wrathcodes.restaurant.dao.TableCheckDAOTest" time="0.0">
    <skipped/>
  </testcase>
  <testcase name="update" classname="com.wrathcodes.restaurant.dao.TableCheckDAOTest" time="0.0">
    <skipped/>
  </testcase>
  <testcase name="list" classname="com.wrathcodes.restaurant.dao.TableCheckDAOTest" time="0.0">
    <skipped/>
  </testcase>
  <testcase name="save" classname="com.wrathcodes.restaurant.dao.TableCheckDAOTest" time="0.0">
    <skipped/>
  </testcase>
</testsuite>