<?xml version="1.0" encoding="UTF-8"?>
<testsuite xmlns:xsi="http://www.w3.org/2001/XMLSchema-instance" xsi:noNamespaceSchemaLocation="https://maven.apache.org/surefire/maven-surefire-plugin/xsd/surefire-test-report-3.0.xsd" version="3.0" name="com.wrathcodes.restaurant.util.HibernateUtilTest" time="2.881" tests="1" errors="0" skipped="0" failures="0">
  <properties>
[...]
</properties>
  <testcase name="connect" classname="com.wrathcodes.restaurant.util.HibernateUtilTest" time="2.799">
    <system-err><![CDATA[Mar 19, 2024 8:05:16 PM org.hibernate.annotations.common.reflection.java.JavaReflectionManager <clinit>
INFO: HCANN000001: Hibernate Commons Annotations {4.0.5.Final}
Mar 19, 2024 8:05:17 PM org.hibernate.Version logVersion
INFO: HHH000412: Hibernate Core {4.3.11.Final}
Mar 19, 2024 8:05:17 PM org.hibernate.cfg.Environment <clinit>
INFO: HHH000206: hibernate.properties not found
Mar 19, 2024 8:05:17 PM org.hibernate.cfg.Environment buildBytecodeProvider
INFO: HHH000021: Bytecode provider name : javassist
Mar 19, 2024 8:05:17 PM org.hibernate.cfg.Configuration configure
INFO: HHH000043: Configuring from resource: /hibernate.cfg.xml
Mar 19, 2024 8:05:17 PM org.hibernate.cfg.Configuration getConfigurationInputStream
INFO: HHH000040: Configuration resource: /hibernate.cfg.xml
Mar 19, 2024 8:05:17 PM org.hibernate.cfg.Configuration doConfigure
INFO: HHH000041: Configured SessionFactory: null
Mar 19, 2024 8:05:17 PM org.hibernate.engine.jdbc.connections.internal.DriverManagerConnectionProviderImpl configure
WARN: HHH000402: Using Hibernate built-in connection pool (not for production use!)
Mar 19, 2024 8:05:17 PM org.hibernate.engine.jdbc.connections.internal.DriverManagerConnectionProviderImpl buildCreator
INFO: HHH000401: using driver [com.mysql.cj.jdbc.Driver] at URL [jdbc:mysql://localhost:3306/restaurant]
Mar 19, 2024 8:05:17 PM org.hibernate.engine.jdbc.connections.internal.DriverManagerConnectionProviderImpl buildCreator
INFO: HHH000046: Connection properties: {user=root, password=****}
Mar 19, 2024 8:05:17 PM org.hibernate.engine.jdbc.connections.internal.DriverManagerConnectionProviderImpl buildCreator
INFO: HHH000006: Autocommit mode: false
Mar 19, 2024 8:05:17 PM org.hibernate.engine.jdbc.connections.internal.DriverManagerConnectionProviderImpl configure
INFO: HHH000115: Hibernate connection pool size: 1 (min=1)
Mar 19, 2024 8:05:18 PM org.hibernate.dialect.Dialect <init>
INFO: HHH000400: Using dialect: org.hibernate.dialect.MySQLDialect
Mar 19, 2024 8:05:18 PM org.hibernate.engine.transaction.internal.TransactionFactoryInitiator initiateService
INFO: HHH000399: Using default transaction strategy (direct JDBC transactions)
Mar 19, 2024 8:05:18 PM org.hibernate.hql.internal.ast.ASTQueryTranslatorFactory <init>
INFO: HHH000397: Using ASTQueryTranslatorFactory
Mar 19, 2024 8:05:19 PM org.hibernate.tool.hbm2ddl.SchemaValidator validate
INFO: HHH000229: Running schema validator
Mar 19, 2024 8:05:19 PM org.hibernate.tool.hbm2ddl.SchemaValidator validate
INFO: HHH000102: Fetching database metadata
Mar 19, 2024 8:05:19 PM org.hibernate.tool.hbm2ddl.TableMetadata <init>
INFO: HHH000261: Table found: restaurant.Category
Mar 19, 2024 8:05:19 PM org.hibernate.tool.hbm2ddl.TableMetadata <init>
INFO: HHH000037: Columns: [code, name, description]
Mar 19, 2024 8:05:19 PM org.hibernate.tool.hbm2ddl.TableMetadata <init>
INFO: HHH000261: Table found: restaurant.Customer
Mar 19, 2024 8:05:19 PM org.hibernate.tool.hbm2ddl.TableMetadata <init>
INFO: HHH000037: Columns: [code, name, seatedat_code]
Mar 19, 2024 8:05:19 PM org.hibernate.tool.hbm2ddl.TableMetadata <init>
INFO: HHH000261: Table found: restaurant.Ingredient
Mar 19, 2024 8:05:19 PM org.hibernate.tool.hbm2ddl.TableMetadata <init>
INFO: HHH000037: Columns: [code, name, description]
Mar 19, 2024 8:05:19 PM org.hibernate.tool.hbm2ddl.TableMetadata <init>
INFO: HHH000261: Table found: restaurant.Menu
Mar 19, 2024 8:05:19 PM org.hibernate.tool.hbm2ddl.TableMetadata <init>
INFO: HHH000037: Columns: [restaurant_code, code, available, name, description, season]
Mar 19, 2024 8:05:19 PM org.hibernate.tool.hbm2ddl.TableMetadata <init>
INFO: HHH000261: Table found: restaurant.MenuItem
Mar 19, 2024 8:05:19 PM org.hibernate.tool.hbm2ddl.TableMetadata <init>
INFO: HHH000037: Columns: [code, category_code, price, available, name, description, menu_code, kitchen]
Mar 19, 2024 8:05:19 PM org.hibernate.tool.hbm2ddl.TableMetadata <init>
INFO: HHH000261: Table found: restaurant.MenuItem_Ingredient
Mar 19, 2024 8:05:19 PM org.hibernate.tool.hbm2ddl.TableMetadata <init>
INFO: HHH000037: Columns: [menuitem_code, ingredients_code]
Mar 19, 2024 8:05:19 PM org.hibernate.tool.hbm2ddl.TableMetadata <init>
INFO: HHH000261: Table found: restaurant.OrderCustomer
Mar 19, 2024 8:05:19 PM org.hibernate.tool.hbm2ddl.TableMetadata <init>
INFO: HHH000037: Columns: [code, ordertotal, customer_code]
Mar 19, 2024 8:05:19 PM org.hibernate.tool.hbm2ddl.TableMetadata <init>
INFO: HHH000261: Table found: restaurant.OrderItem
Mar 19, 2024 8:05:19 PM org.hibernate.tool.hbm2ddl.TableMetadata <init>
INFO: HHH000037: Columns: [orderedat, item_code, code, quantity, ordercustomer_code, priority, status]
Mar 19, 2024 8:05:19 PM org.hibernate.tool.hbm2ddl.TableMetadata <init>
INFO: HHH000261: Table found: restaurant.Restaurant
Mar 19, 2024 8:05:19 PM org.hibernate.tool.hbm2ddl.TableMetadata <init>
INFO: HHH000037: Columns: [code, name]
Mar 19, 2024 8:05:19 PM org.hibernate.tool.hbm2ddl.TableMetadata <init>
INFO: HHH000261: Table found: restaurant.RestaurantTable
Mar 19, 2024 8:05:19 PM org.hibernate.tool.hbm2ddl.TableMetadata <init>
INFO: HHH000037: Columns: [number, restaurant_code, code, available, capacity]
Mar 19, 2024 8:05:19 PM org.hibernate.tool.hbm2ddl.TableMetadata <init>
INFO: HHH000261: Table found: restaurant.TableCheck
Mar 19, 2024 8:05:19 PM org.hibernate.tool.hbm2ddl.TableMetadata <init>
INFO: HHH000037: Columns: [code, restauranttable_code, closed, checktotal]
Mar 19, 2024 8:05:19 PM org.hibernate.engine.jdbc.connections.internal.DriverManagerConnectionProviderImpl stop
INFO: HHH000030: Cleaning up connection pool [jdbc:mysql://localhost:3306/restaurant]
]]></system-err>
  </testcase>
</testsuite>